{"/Users/sarang/Desktop/tezhhomayaa-app/lib/infrastructure/cache/CacheProvider.ts": {"path":"/Users/sarang/Desktop/tezhhomayaa-app/lib/infrastructure/cache/CacheProvider.ts","statementMap":{"0":{"start":{"line":2,"column":25},"end":{"line":2,"column":null}},"1":{"start":{"line":5,"column":4},"end":{"line":8,"column":null}},"2":{"start":{"line":12,"column":17},"end":{"line":12,"column":null}},"3":{"start":{"line":13,"column":4},"end":{"line":13,"column":null}},"4":{"start":{"line":13,"column":15},"end":{"line":13,"column":null}},"5":{"start":{"line":14,"column":4},"end":{"line":17,"column":null}},"6":{"start":{"line":15,"column":6},"end":{"line":15,"column":null}},"7":{"start":{"line":16,"column":6},"end":{"line":16,"column":null}},"8":{"start":{"line":18,"column":4},"end":{"line":18,"column":null}},"9":{"start":{"line":22,"column":4},"end":{"line":22,"column":null}},"10":{"start":{"line":26,"column":4},"end":{"line":30,"column":null}},"11":{"start":{"line":27,"column":6},"end":{"line":29,"column":null}},"12":{"start":{"line":28,"column":8},"end":{"line":28,"column":null}},"13":{"start":{"line":34,"column":4},"end":{"line":37,"column":null}}},"fnMap":{"0":{"name":"set","decl":{"start":{"line":4,"column":16},"end":{"line":4,"column":20}},"loc":{"start":{"line":4,"column":76},"end":{"line":9,"column":null}},"line":4},"1":{"name":"get","decl":{"start":{"line":11,"column":16},"end":{"line":11,"column":23}},"loc":{"start":{"line":11,"column":46},"end":{"line":19,"column":null}},"line":11},"2":{"name":"invalidate","decl":{"start":{"line":21,"column":16},"end":{"line":21,"column":27}},"loc":{"start":{"line":21,"column":46},"end":{"line":23,"column":null}},"line":21},"3":{"name":"invalidatePattern","decl":{"start":{"line":25,"column":16},"end":{"line":25,"column":34}},"loc":{"start":{"line":25,"column":57},"end":{"line":31,"column":null}},"line":25},"4":{"name":"getStats","decl":{"start":{"line":33,"column":16},"end":{"line":33,"column":27}},"loc":{"start":{"line":33,"column":27},"end":{"line":38,"column":null}},"line":33}},"branchMap":{"0":{"loc":{"start":{"line":4,"column":45},"end":{"line":4,"column":76}},"type":"default-arg","locations":[{"start":{"line":4,"column":66},"end":{"line":4,"column":76}}],"line":4},"1":{"loc":{"start":{"line":13,"column":4},"end":{"line":13,"column":null}},"type":"if","locations":[{"start":{"line":13,"column":4},"end":{"line":13,"column":null}},{"start":{},"end":{}}],"line":13},"2":{"loc":{"start":{"line":14,"column":4},"end":{"line":17,"column":null}},"type":"if","locations":[{"start":{"line":14,"column":4},"end":{"line":17,"column":null}},{"start":{},"end":{}}],"line":14},"3":{"loc":{"start":{"line":27,"column":6},"end":{"line":29,"column":null}},"type":"if","locations":[{"start":{"line":27,"column":6},"end":{"line":29,"column":null}},{"start":{},"end":{}}],"line":27}},"s":{"0":1,"1":4,"2":3,"3":3,"4":2,"5":1,"6":0,"7":0,"8":1,"9":1,"10":0,"11":0,"12":0,"13":0},"f":{"0":1,"1":1,"2":1,"3":1,"4":1},"b":{"0":[4],"1":[2,1],"2":[0,1],"3":[0,0]},"meta":{"lastBranch":4,"lastFunction":5,"lastStatement":14,"seen":{"s:2:25:2:Infinity":0,"f:4:16:4:20":0,"b:4:66:4:76":0,"s:5:4:8:Infinity":1,"f:11:16:11:23":1,"s:12:17:12:Infinity":2,"b:13:4:13:Infinity:undefined:undefined:undefined:undefined":1,"s:13:4:13:Infinity":3,"s:13:15:13:Infinity":4,"b:14:4:17:Infinity:undefined:undefined:undefined:undefined":2,"s:14:4:17:Infinity":5,"s:15:6:15:Infinity":6,"s:16:6:16:Infinity":7,"s:18:4:18:Infinity":8,"f:21:16:21:27":2,"s:22:4:22:Infinity":9,"f:25:16:25:34":3,"s:26:4:30:Infinity":10,"b:27:6:29:Infinity:undefined:undefined:undefined:undefined":3,"s:27:6:29:Infinity":11,"s:28:8:28:Infinity":12,"f:33:16:33:27":4,"s:34:4:37:Infinity":13},"fnNames":{}}}
,"/Users/sarang/Desktop/tezhhomayaa-app/lib/infrastructure/persistence/repositories/content/DocumentRepository.ts": {"path":"/Users/sarang/Desktop/tezhhomayaa-app/lib/infrastructure/persistence/repositories/content/DocumentRepository.ts","statementMap":{"0":{"start":{"line":8,"column":22},"end":{"line":8,"column":47}},"1":{"start":{"line":6,"column":23},"end":{"line":6,"column":null}},"2":{"start":{"line":11,"column":19},"end":{"line":11,"column":null}},"3":{"start":{"line":12,"column":4},"end":{"line":12,"column":null}},"4":{"start":{"line":12,"column":16},"end":{"line":12,"column":null}},"5":{"start":{"line":14,"column":16},"end":{"line":14,"column":null}},"6":{"start":{"line":15,"column":4},"end":{"line":18,"column":null}},"7":{"start":{"line":16,"column":6},"end":{"line":16,"column":null}},"8":{"start":{"line":17,"column":6},"end":{"line":17,"column":null}},"9":{"start":{"line":19,"column":4},"end":{"line":19,"column":null}},"10":{"start":{"line":23,"column":4},"end":{"line":23,"column":null}},"11":{"start":{"line":24,"column":4},"end":{"line":24,"column":null}},"12":{"start":{"line":28,"column":4},"end":{"line":28,"column":null}},"13":{"start":{"line":29,"column":4},"end":{"line":29,"column":null}},"14":{"start":{"line":33,"column":17},"end":{"line":33,"column":null}},"15":{"start":{"line":37,"column":4},"end":{"line":37,"column":null}},"16":{"start":{"line":37,"column":26},"end":{"line":37,"column":54}}},"fnMap":{"0":{"name":"constructor","decl":{"start":{"line":8,"column":2},"end":{"line":8,"column":14}},"loc":{"start":{"line":8,"column":47},"end":{"line":8,"column":null}},"line":8},"1":{"name":"getDocument","decl":{"start":{"line":10,"column":8},"end":{"line":10,"column":23}},"loc":{"start":{"line":10,"column":55},"end":{"line":20,"column":null}},"line":10},"2":{"name":"saveDocument","decl":{"start":{"line":22,"column":8},"end":{"line":22,"column":24}},"loc":{"start":{"line":22,"column":61},"end":{"line":25,"column":null}},"line":22},"3":{"name":"deleteDocument","decl":{"start":{"line":27,"column":8},"end":{"line":27,"column":23}},"loc":{"start":{"line":27,"column":51},"end":{"line":30,"column":null}},"line":27},"4":{"name":"getAllDocuments","decl":{"start":{"line":32,"column":8},"end":{"line":32,"column":65}},"loc":{"start":{"line":32,"column":65},"end":{"line":38,"column":null}},"line":32},"5":{"name":"(anonymous_5)","decl":{"start":{"line":37,"column":16},"end":{"line":37,"column":20}},"loc":{"start":{"line":37,"column":26},"end":{"line":37,"column":54}},"line":37}},"branchMap":{"0":{"loc":{"start":{"line":12,"column":4},"end":{"line":12,"column":null}},"type":"if","locations":[{"start":{"line":12,"column":4},"end":{"line":12,"column":null}},{"start":{},"end":{}}],"line":12},"1":{"loc":{"start":{"line":15,"column":4},"end":{"line":18,"column":null}},"type":"if","locations":[{"start":{"line":15,"column":4},"end":{"line":18,"column":null}},{"start":{},"end":{}}],"line":15},"2":{"loc":{"start":{"line":15,"column":8},"end":{"line":15,"column":25}},"type":"binary-expr","locations":[{"start":{"line":15,"column":8},"end":{"line":15,"column":15}},{"start":{"line":15,"column":15},"end":{"line":15,"column":25}}],"line":15}},"s":{"0":4,"1":4,"2":3,"3":3,"4":1,"5":2,"6":2,"7":0,"8":0,"9":2,"10":4,"11":4,"12":1,"13":1,"14":1,"15":1,"16":2},"f":{"0":4,"1":3,"2":4,"3":1,"4":1,"5":2},"b":{"0":[1,2],"1":[0,2],"2":[2,0]},"meta":{"lastBranch":3,"lastFunction":6,"lastStatement":17,"seen":{"f:8:2:8:14":0,"s:8:22:8:47":0,"s:6:23:6:Infinity":1,"f:10:8:10:23":1,"s:11:19:11:Infinity":2,"b:12:4:12:Infinity:undefined:undefined:undefined:undefined":0,"s:12:4:12:Infinity":3,"s:12:16:12:Infinity":4,"s:14:16:14:Infinity":5,"b:15:4:18:Infinity:undefined:undefined:undefined:undefined":1,"s:15:4:18:Infinity":6,"b:15:8:15:15:15:15:15:25":2,"s:16:6:16:Infinity":7,"s:17:6:17:Infinity":8,"s:19:4:19:Infinity":9,"f:22:8:22:24":2,"s:23:4:23:Infinity":10,"s:24:4:24:Infinity":11,"f:27:8:27:23":3,"s:28:4:28:Infinity":12,"s:29:4:29:Infinity":13,"f:32:8:32:65":4,"s:33:17:33:Infinity":14,"s:37:4:37:Infinity":15,"f:37:16:37:20":5,"s:37:26:37:54":16},"fnNames":{}}}
}
